DEPRECATION WARNING: config.action_view.debug_rjs will be removed in 3.1, from 3.1 onwards you will need to install prototype-rails to continue to use RJS templates . (called from <top (required)> at /Users/vincent/Documents/rubywork/depot/config/environment.rb:5)


Started GET "/" for 127.0.0.1 at 2011-07-23 10:36:03 +0800
  Processing by StoreController#index as HTML
  [1m[36mProduct Load (25.7ms)[0m  [1mSELECT `products`.* FROM `products` ORDER BY title[0m
  [1m[35mSQL (0.1ms)[0m  BEGIN
  [1m[36mSQL (24.0ms)[0m  [1mSHOW TABLES[0m
  [1m[35mSQL (1.1ms)[0m  describe `carts`
  [1m[36mAREL (0.3ms)[0m  [1mINSERT INTO `carts` (`created_at`, `updated_at`) VALUES ('2011-07-23 02:36:03', '2011-07-23 02:36:03')[0m
  [1m[35mSQL (67.1ms)[0m  COMMIT
  [1m[36mSQL (0.5ms)[0m  [1mSELECT COUNT(*) FROM `line_items` WHERE (`line_items`.cart_id = 23)[0m
Rendered carts/_cart.html.erb (1.0ms)
Rendered store/index.html.erb within layouts/application (267.1ms)
Completed 200 OK in 505ms (Views: 270.1ms | ActiveRecord: 118.8ms)


Started GET "/products" for 127.0.0.1 at 2011-07-23 10:36:06 +0800
  Processing by ProductsController#index as HTML
  [1m[35mUser Load (0.3ms)[0m  SELECT `users`.* FROM `users` WHERE `users`.`id` IS NULL LIMIT 1
Redirected to http://0.0.0.0:3000/login?locale=cn
Completed 302 Found in 54ms


Started GET "/login?locale=cn" for 127.0.0.1 at 2011-07-23 10:36:06 +0800
  Processing by SessionsController#new as HTML
  Parameters: {"locale"=>"cn"}
Rendered sessions/new.html.erb within layouts/application (2.9ms)
Completed 200 OK in 6ms (Views: 6.0ms | ActiveRecord: 0.3ms)


Started GET "/carts" for 127.0.0.1 at 2011-07-23 10:36:07 +0800
  Processing by CartsController#index as HTML
  [1m[36mUser Load (0.2ms)[0m  [1mSELECT `users`.* FROM `users` WHERE `users`.`id` IS NULL LIMIT 1[0m
Redirected to http://0.0.0.0:3000/login?locale=cn
Completed 302 Found in 12ms


Started GET "/login?locale=cn" for 127.0.0.1 at 2011-07-23 10:36:08 +0800
  Processing by SessionsController#new as HTML
  Parameters: {"locale"=>"cn"}
Rendered sessions/new.html.erb within layouts/application (4.4ms)
Completed 200 OK in 8ms (Views: 7.8ms | ActiveRecord: 0.0ms)


Started GET "/store" for 127.0.0.1 at 2011-07-23 10:36:08 +0800
  Processing by StoreController#index as HTML
  Parameters: {"locale"=>"store"}
store translation not available
  [1m[35mProduct Load (0.4ms)[0m  SELECT `products`.* FROM `products` ORDER BY title
  [1m[36mCart Load (0.2ms)[0m  [1mSELECT `carts`.* FROM `carts` WHERE `carts`.`id` = 23 LIMIT 1[0m
  [1m[35mSQL (0.2ms)[0m  SELECT COUNT(*) FROM `line_items` WHERE (`line_items`.cart_id = 23)
Rendered carts/_cart.html.erb (0.5ms)
Rendered store/index.html.erb within layouts/application (27.9ms)
Completed 200 OK in 50ms (Views: 30.7ms | ActiveRecord: 0.9ms)
DEPRECATION WARNING: config.action_view.debug_rjs will be removed in 3.1, from 3.1 onwards you will need to install prototype-rails to continue to use RJS templates . (called from <top (required)> at /Users/vincent/Documents/rubywork/depot/config/environment.rb:5)


Started GET "/" for 127.0.0.1 at 2011-07-23 11:43:06 +0800

Mysql2::Error (Unknown database 'depot_development'):
  

Rendered /Users/vincent/.rvm/gems/ruby-1.9.2-p180/gems/actionpack-3.0.8/lib/action_dispatch/middleware/templates/rescues/_trace.erb (1.0ms)
Rendered /Users/vincent/.rvm/gems/ruby-1.9.2-p180/gems/actionpack-3.0.8/lib/action_dispatch/middleware/templates/rescues/_request_and_response.erb (3.8ms)
Rendered /Users/vincent/.rvm/gems/ruby-1.9.2-p180/gems/actionpack-3.0.8/lib/action_dispatch/middleware/templates/rescues/diagnostics.erb within rescues/layout (8.6ms)
DEPRECATION WARNING: config.action_view.debug_rjs will be removed in 3.1, from 3.1 onwards you will need to install prototype-rails to continue to use RJS templates . (called from <top (required)> at /Users/vincent/Documents/rubywork/depot/config/environment.rb:5)
  [1m[36mSQL (0.3ms)[0m  [1mSHOW TABLES[0m
  [1m[35mSQL (74.5ms)[0m  CREATE TABLE `schema_migrations` (`version` varchar(255) NOT NULL) ENGINE=InnoDB
  [1m[36mSQL (0.8ms)[0m  [1mSHOW KEYS FROM `schema_migrations`[0m
  [1m[35mSQL (169.2ms)[0m  CREATE UNIQUE INDEX `unique_schema_migrations` ON `schema_migrations` (`version`)
  [1m[36mSQL (0.4ms)[0m  [1mSHOW TABLES[0m
  [1m[35mSQL (0.4ms)[0m  SHOW TABLES
  [1m[36mSQL (0.3ms)[0m  [1mSELECT `schema_migrations`.`version` FROM `schema_migrations`[0m
Migrating to CreateProducts (20110625150608)
  [1m[35mSQL (85.5ms)[0m  CREATE TABLE `products` (`id` int(11) DEFAULT NULL auto_increment PRIMARY KEY, `title` varchar(255), `description` text, `image_url` varchar(255), `price` decimal(8,2), `created_at` datetime, `updated_at` datetime) ENGINE=InnoDB
  [1m[36mSQL (0.3ms)[0m  [1mINSERT INTO `schema_migrations` (`version`) VALUES ('20110625150608')[0m
Migrating to CreateCarts (20110703072030)
  [1m[35mSQL (107.7ms)[0m  CREATE TABLE `carts` (`id` int(11) DEFAULT NULL auto_increment PRIMARY KEY, `created_at` datetime, `updated_at` datetime) ENGINE=InnoDB
  [1m[36mSQL (0.6ms)[0m  [1mINSERT INTO `schema_migrations` (`version`) VALUES ('20110703072030')[0m
Migrating to CreateLineItems (20110703073025)
  [1m[35mSQL (73.4ms)[0m  CREATE TABLE `line_items` (`id` int(11) DEFAULT NULL auto_increment PRIMARY KEY, `product_id` int(11), `cart_id` int(11), `created_at` datetime, `updated_at` datetime) ENGINE=InnoDB
  [1m[36mSQL (0.3ms)[0m  [1mINSERT INTO `schema_migrations` (`version`) VALUES ('20110703073025')[0m
Migrating to AddQuantityToLineItems (20110703091557)
  [1m[35mSQL (70.6ms)[0m  ALTER TABLE `line_items` ADD `quantity` int(11) DEFAULT 1
  [1m[36mSQL (0.3ms)[0m  [1mINSERT INTO `schema_migrations` (`version`) VALUES ('20110703091557')[0m
Migrating to CombineItemsInCart (20110703093915)
  [1m[35mCart Load (0.3ms)[0m  SELECT `carts`.* FROM `carts`
  [1m[36mSQL (0.3ms)[0m  [1mINSERT INTO `schema_migrations` (`version`) VALUES ('20110703093915')[0m
Migrating to CreateOrders (20110709003910)
  [1m[35mSQL (61.6ms)[0m  CREATE TABLE `orders` (`id` int(11) DEFAULT NULL auto_increment PRIMARY KEY, `name` varchar(255), `address` text, `email` varchar(255), `pay_type` varchar(255), `created_at` datetime, `updated_at` datetime) ENGINE=InnoDB
  [1m[36mSQL (0.5ms)[0m  [1mINSERT INTO `schema_migrations` (`version`) VALUES ('20110709003910')[0m
Migrating to AddOrderIdToLineItem (20110709010824)
  [1m[35mSQL (73.0ms)[0m  ALTER TABLE `line_items` ADD `order_id` int(11)
  [1m[36mSQL (0.4ms)[0m  [1mINSERT INTO `schema_migrations` (`version`) VALUES ('20110709010824')[0m
Migrating to CreateUsers (20110709094931)
  [1m[35mSQL (85.7ms)[0m  CREATE TABLE `users` (`id` int(11) DEFAULT NULL auto_increment PRIMARY KEY, `name` varchar(255), `hashed_password` varchar(255), `salt` varchar(255), `created_at` datetime, `updated_at` datetime) ENGINE=InnoDB
  [1m[36mSQL (0.4ms)[0m  [1mINSERT INTO `schema_migrations` (`version`) VALUES ('20110709094931')[0m
  [1m[35mSQL (0.4ms)[0m  SHOW TABLES
  [1m[36mSQL (0.1ms)[0m  [1mSELECT `schema_migrations`.`version` FROM `schema_migrations`[0m
  [1m[35mSQL (0.3ms)[0m  SHOW TABLES
  [1m[36mSQL (0.9ms)[0m  [1mdescribe `carts`[0m
  [1m[35mSQL (0.2ms)[0m  SHOW KEYS FROM `carts`
  [1m[36mSQL (1.1ms)[0m  [1mdescribe `line_items`[0m
  [1m[35mSQL (0.2ms)[0m  SHOW KEYS FROM `line_items`
  [1m[36mSQL (1.2ms)[0m  [1mdescribe `orders`[0m
  [1m[35mSQL (0.2ms)[0m  SHOW KEYS FROM `orders`
  [1m[36mSQL (1.1ms)[0m  [1mdescribe `products`[0m
  [1m[35mSQL (0.2ms)[0m  SHOW KEYS FROM `products`
  [1m[36mSQL (1.1ms)[0m  [1mdescribe `users`[0m
  [1m[35mSQL (0.2ms)[0m  SHOW KEYS FROM `users`
DEPRECATION WARNING: config.action_view.debug_rjs will be removed in 3.1, from 3.1 onwards you will need to install prototype-rails to continue to use RJS templates . (called from <top (required)> at /Users/vincent/Documents/rubywork/depot/config/environment.rb:5)


Started GET "/" for 127.0.0.1 at 2011-07-23 11:48:11 +0800
  Processing by StoreController#index as HTML
  [1m[36mProduct Load (0.3ms)[0m  [1mSELECT `products`.* FROM `products` ORDER BY title[0m
  [1m[35mSQL (0.4ms)[0m  SHOW TABLES
  [1m[36mCart Load (0.2ms)[0m  [1mSELECT `carts`.* FROM `carts` WHERE `carts`.`id` = 23 LIMIT 1[0m
  [1m[35mSQL (0.0ms)[0m  BEGIN
  [1m[36mSQL (1.1ms)[0m  [1mdescribe `carts`[0m
  [1m[35mAREL (0.2ms)[0m  INSERT INTO `carts` (`created_at`, `updated_at`) VALUES ('2011-07-23 03:48:11', '2011-07-23 03:48:11')
  [1m[36mSQL (0.4ms)[0m  [1mCOMMIT[0m
  [1m[35mSQL (0.2ms)[0m  SELECT COUNT(*) FROM `line_items` WHERE (`line_items`.cart_id = 1)
Rendered carts/_cart.html.erb (0.9ms)
Rendered store/index.html.erb within layouts/application (91.4ms)
Completed 200 OK in 157ms (Views: 94.3ms | ActiveRecord: 2.8ms)


Started GET "/products" for 127.0.0.1 at 2011-07-23 11:48:17 +0800
  Processing by ProductsController#index as HTML
  [1m[36mUser Load (0.1ms)[0m  [1mSELECT `users`.* FROM `users` WHERE `users`.`id` IS NULL LIMIT 1[0m
Redirected to http://0.0.0.0:3000/login?locale=cn
Completed 302 Found in 18ms


Started GET "/login?locale=cn" for 127.0.0.1 at 2011-07-23 11:48:17 +0800
  Processing by SessionsController#new as HTML
  Parameters: {"locale"=>"cn"}
Rendered sessions/new.html.erb within layouts/application (5.3ms)
Completed 200 OK in 9ms (Views: 8.7ms | ActiveRecord: 0.1ms)


Started GET "/products" for 127.0.0.1 at 2011-07-23 11:48:18 +0800
  Processing by ProductsController#index as HTML
  [1m[35mUser Load (0.2ms)[0m  SELECT `users`.* FROM `users` WHERE `users`.`id` IS NULL LIMIT 1
Redirected to http://0.0.0.0:3000/login?locale=cn
Completed 302 Found in 13ms


Started GET "/login?locale=cn" for 127.0.0.1 at 2011-07-23 11:48:18 +0800
  Processing by SessionsController#new as HTML
  Parameters: {"locale"=>"cn"}
Rendered sessions/new.html.erb within layouts/application (3.3ms)
Completed 200 OK in 7ms (Views: 6.8ms | ActiveRecord: 0.0ms)


Started GET "/carts" for 127.0.0.1 at 2011-07-23 11:48:21 +0800
  Processing by CartsController#index as HTML
  [1m[36mUser Load (0.1ms)[0m  [1mSELECT `users`.* FROM `users` WHERE `users`.`id` IS NULL LIMIT 1[0m
Redirected to http://0.0.0.0:3000/login?locale=cn
Completed 302 Found in 32ms


Started GET "/login?locale=cn" for 127.0.0.1 at 2011-07-23 11:48:21 +0800
  Processing by SessionsController#new as HTML
  Parameters: {"locale"=>"cn"}
Rendered sessions/new.html.erb within layouts/application (4.2ms)
Completed 200 OK in 8ms (Views: 7.5ms | ActiveRecord: 0.0ms)


Started GET "/store" for 127.0.0.1 at 2011-07-23 11:48:22 +0800
  Processing by StoreController#index as HTML
  Parameters: {"locale"=>"store"}
store translation not available
  [1m[35mProduct Load (0.2ms)[0m  SELECT `products`.* FROM `products` ORDER BY title
  [1m[36mCart Load (0.2ms)[0m  [1mSELECT `carts`.* FROM `carts` WHERE `carts`.`id` = 1 LIMIT 1[0m
  [1m[35mSQL (0.2ms)[0m  SELECT COUNT(*) FROM `line_items` WHERE (`line_items`.cart_id = 1)
Rendered carts/_cart.html.erb (0.5ms)
Rendered store/index.html.erb within layouts/application (20.5ms)
Completed 200 OK in 61ms (Views: 23.1ms | ActiveRecord: 0.6ms)
DEPRECATION WARNING: config.action_view.debug_rjs will be removed in 3.1, from 3.1 onwards you will need to install prototype-rails to continue to use RJS templates . (called from <top (required)> at /Users/vincent/Documents/rubywork/depot/config/environment.rb:5)


Started GET "/" for 127.0.0.1 at 2011-07-23 11:49:05 +0800
  Processing by StoreController#index as HTML
  [1m[36mProduct Load (0.3ms)[0m  [1mSELECT `products`.* FROM `products` ORDER BY title[0m
  [1m[35mSQL (0.4ms)[0m  SHOW TABLES
  [1m[36mCart Load (0.2ms)[0m  [1mSELECT `carts`.* FROM `carts` WHERE `carts`.`id` = 1 LIMIT 1[0m
  [1m[35mSQL (0.2ms)[0m  SELECT COUNT(*) FROM `line_items` WHERE (`line_items`.cart_id = 1)
Rendered carts/_cart.html.erb (0.6ms)
Rendered store/index.html.erb within layouts/application (117.6ms)
Completed 200 OK in 149ms (Views: 122.0ms | ActiveRecord: 1.1ms)


Started GET "/products" for 127.0.0.1 at 2011-07-23 11:49:12 +0800
  Processing by ProductsController#index as HTML
  [1m[36mUser Load (0.1ms)[0m  [1mSELECT `users`.* FROM `users` WHERE `users`.`id` IS NULL LIMIT 1[0m
Redirected to http://0.0.0.0:3000/login?locale=cn
Completed 302 Found in 19ms


Started GET "/login?locale=cn" for 127.0.0.1 at 2011-07-23 11:49:12 +0800
  Processing by SessionsController#new as HTML
  Parameters: {"locale"=>"cn"}
Rendered sessions/new.html.erb within layouts/application (3.5ms)
Completed 200 OK in 9ms (Views: 8.3ms | ActiveRecord: 0.1ms)
DEPRECATION WARNING: config.action_view.debug_rjs will be removed in 3.1, from 3.1 onwards you will need to install prototype-rails to continue to use RJS templates . (called from <top (required)> at /Users/vincent/Documents/rubywork/depot/config/environment.rb:5)
  [1m[36mSQL (0.2ms)[0m  [1mBEGIN[0m
  [1m[35mSQL (0.4ms)[0m  SELECT 1 FROM `users` WHERE (`users`.`name` = BINARY 'vincent') LIMIT 1
  [1m[36mSQL (0.4ms)[0m  [1mSHOW TABLES[0m
  [1m[35mSQL (1.4ms)[0m  describe `users`
  [1m[36mAREL (0.2ms)[0m  [1mINSERT INTO `users` (`name`, `hashed_password`, `salt`, `created_at`, `updated_at`) VALUES ('vincent', '178959e436575db19b1d91e9e3be6121a5d83d4def727223fd9cfa59e84587e4', '21824860600.04105629872429606', '2011-07-23 03:52:03', '2011-07-23 03:52:03')[0m
  [1m[35mSQL (0.4ms)[0m  COMMIT
  [1m[36mSQL (0.3ms)[0m  [1mSELECT COUNT(*) FROM `users`[0m
  [1m[35mSQL (0.2ms)[0m  BEGIN
  [1m[36mSQL (0.4ms)[0m  [1mSELECT 1 FROM `users` WHERE (`users`.`name` = BINARY 'tony') LIMIT 1[0m
  [1m[35mAREL (0.3ms)[0m  INSERT INTO `users` (`name`, `hashed_password`, `salt`, `created_at`, `updated_at`) VALUES ('tony', 'ad718ef0321f9902ed4faf0f61104699a84eb96b58a1200f32f64420d5f9da5c', '21818852600.792449454723933', '2011-07-23 03:52:37', '2011-07-23 03:52:37')
  [1m[36mSQL (0.6ms)[0m  [1mCOMMIT[0m
  [1m[35mSQL (0.4ms)[0m  SELECT COUNT(*) FROM `users`
DEPRECATION WARNING: config.action_view.debug_rjs will be removed in 3.1, from 3.1 onwards you will need to install prototype-rails to continue to use RJS templates . (called from <top (required)> at /Users/vincent/Documents/rubywork/depot/config/environment.rb:5)


Started GET "/login?locale=cn" for 127.0.0.1 at 2011-07-23 11:52:55 +0800
  Processing by SessionsController#new as HTML
  Parameters: {"locale"=>"cn"}
Rendered sessions/new.html.erb within layouts/application (3.1ms)
Completed 200 OK in 50ms (Views: 6.2ms | ActiveRecord: 0.0ms)


Started POST "/login?locale=cn" for 127.0.0.1 at 2011-07-23 11:52:58 +0800
  Processing by SessionsController#create as HTML
  Parameters: {"utf8"=>"✓", "authenticity_token"=>"4ko6jmKvvQO5ntWwt8i2e9mrZCu2jVu2msxD8J9f7DA=", "name"=>"vincent", "password"=>"[FILTERED]", "commit"=>"Login", "locale"=>"cn"}
  [1m[36mSQL (0.4ms)[0m  [1mSHOW TABLES[0m
  [1m[35mUser Load (0.3ms)[0m  SELECT `users`.* FROM `users` WHERE `users`.`name` = 'vincent' LIMIT 1
Redirected to http://0.0.0.0:3000/admin?locale=cn
Completed 302 Found in 40ms


Started GET "/admin?locale=cn" for 127.0.0.1 at 2011-07-23 11:52:58 +0800
  Processing by AdminController#index as HTML
  Parameters: {"locale"=>"cn"}
  [1m[36mUser Load (0.2ms)[0m  [1mSELECT `users`.* FROM `users` WHERE `users`.`id` = 1 LIMIT 1[0m
  [1m[35mSQL (0.1ms)[0m  SELECT COUNT(*) FROM `orders`
Rendered admin/index.html.erb within layouts/application (3.9ms)
Completed 200 OK in 32ms (Views: 7.1ms | ActiveRecord: 1.0ms)


Started GET "/cn/orders" for 127.0.0.1 at 2011-07-23 11:53:00 +0800
  Processing by OrdersController#index as HTML
  Parameters: {"locale"=>"cn"}
  [1m[36mUser Load (0.2ms)[0m  [1mSELECT `users`.* FROM `users` WHERE `users`.`id` = 1 LIMIT 1[0m
  [1m[35mOrder Load (0.3ms)[0m  SELECT `orders`.* FROM `orders` ORDER BY created_at desc LIMIT 10 OFFSET 0
Rendered orders/index.html.erb within layouts/application (3.9ms)
Completed 200 OK in 33ms (Views: 7.9ms | ActiveRecord: 0.6ms)


Started GET "/cn/orders/new" for 127.0.0.1 at 2011-07-23 11:53:02 +0800
  Processing by OrdersController#new as HTML
  Parameters: {"locale"=>"cn"}
  [1m[36mCart Load (0.2ms)[0m  [1mSELECT `carts`.* FROM `carts` WHERE `carts`.`id` = 1 LIMIT 1[0m
  [1m[35mSQL (0.2ms)[0m  SELECT COUNT(*) FROM `line_items` WHERE (`line_items`.cart_id = 1)
Redirected to http://0.0.0.0:3000/cn
Completed 302 Found in 55ms


Started GET "/cn" for 127.0.0.1 at 2011-07-23 11:53:02 +0800
  Processing by StoreController#index as HTML
  Parameters: {"locale"=>"cn"}
  [1m[36mProduct Load (0.3ms)[0m  [1mSELECT `products`.* FROM `products` ORDER BY title[0m
  [1m[35mCart Load (0.2ms)[0m  SELECT `carts`.* FROM `carts` WHERE `carts`.`id` = 1 LIMIT 1
  [1m[36mSQL (0.2ms)[0m  [1mSELECT COUNT(*) FROM `line_items` WHERE (`line_items`.cart_id = 1)[0m
Rendered carts/_cart.html.erb (0.5ms)
Rendered store/index.html.erb within layouts/application (21.8ms)
Completed 200 OK in 58ms (Views: 24.8ms | ActiveRecord: 0.7ms)


Started GET "/cn/products" for 127.0.0.1 at 2011-07-23 11:53:08 +0800
  Processing by ProductsController#index as HTML
  Parameters: {"locale"=>"cn"}
  [1m[35mUser Load (0.2ms)[0m  SELECT `users`.* FROM `users` WHERE `users`.`id` = 1 LIMIT 1
  [1m[36mProduct Load (0.3ms)[0m  [1mSELECT `products`.* FROM `products` ORDER BY title[0m
Rendered products/index.html.erb within layouts/application (3.3ms)
Completed 200 OK in 28ms (Views: 6.7ms | ActiveRecord: 0.4ms)


Started GET "/cn/products/new" for 127.0.0.1 at 2011-07-23 11:53:10 +0800
  Processing by ProductsController#new as HTML
  Parameters: {"locale"=>"cn"}
  [1m[35mUser Load (0.2ms)[0m  SELECT `users`.* FROM `users` WHERE `users`.`id` = 1 LIMIT 1
Rendered products/_form.html.erb (8.2ms)
Rendered products/new.html.erb within layouts/application (12.4ms)
Completed 200 OK in 39ms (Views: 15.5ms | ActiveRecord: 0.7ms)


Started POST "/cn/products" for 127.0.0.1 at 2011-07-23 12:00:50 +0800
  Processing by ProductsController#create as HTML
  Parameters: {"utf8"=>"✓", "authenticity_token"=>"4ko6jmKvvQO5ntWwt8i2e9mrZCu2jVu2msxD8J9f7DA=", "product"=>{"title"=>"Ruby On Rails", "description"=>"Ruby On Rails", "image_url"=>"", "price"=>""}, "commit"=>"Create Product", "locale"=>"cn"}
  [1m[36mUser Load (0.2ms)[0m  [1mSELECT `users`.* FROM `users` WHERE `users`.`id` = 1 LIMIT 1[0m
  [1m[35mSQL (0.1ms)[0m  BEGIN
  [1m[36mSQL (0.3ms)[0m  [1mSELECT 1 FROM `products` WHERE (`products`.`title` = BINARY 'Ruby On Rails') LIMIT 1[0m
  [1m[35mSQL (0.2ms)[0m  ROLLBACK
Rendered products/_form.html.erb (7.0ms)
Rendered products/new.html.erb within layouts/application (11.0ms)
Completed 200 OK in 72ms (Views: 13.9ms | ActiveRecord: 0.8ms)


Started POST "/cn/products" for 127.0.0.1 at 2011-07-23 12:02:29 +0800
  Processing by ProductsController#create as HTML
  Parameters: {"utf8"=>"✓", "authenticity_token"=>"4ko6jmKvvQO5ntWwt8i2e9mrZCu2jVu2msxD8J9f7DA=", "product"=>{"title"=>"Ruby On Rails", "description"=>"Ruby On Rails", "image_url"=>"ruby.jpg", "price"=>"0.01"}, "commit"=>"Create Product", "locale"=>"cn"}
  [1m[36mUser Load (0.2ms)[0m  [1mSELECT `users`.* FROM `users` WHERE `users`.`id` = 1 LIMIT 1[0m
  [1m[35mSQL (0.1ms)[0m  BEGIN
  [1m[36mSQL (0.2ms)[0m  [1mSELECT 1 FROM `products` WHERE (`products`.`title` = BINARY 'Ruby On Rails') LIMIT 1[0m
  [1m[35mSQL (1.3ms)[0m  describe `products`
  [1m[36mAREL (0.2ms)[0m  [1mINSERT INTO `products` (`title`, `description`, `image_url`, `price`, `created_at`, `updated_at`) VALUES ('Ruby On Rails', 'Ruby On Rails', 'ruby.jpg', 0.01, '2011-07-23 04:02:29', '2011-07-23 04:02:29')[0m
  [1m[35mSQL (0.3ms)[0m  COMMIT
Redirected to http://0.0.0.0:3000/cn/products/1
Completed 302 Found in 40ms


Started GET "/cn/products/1" for 127.0.0.1 at 2011-07-23 12:02:29 +0800
  Processing by ProductsController#show as HTML
  Parameters: {"locale"=>"cn", "id"=>"1"}
  [1m[36mUser Load (0.2ms)[0m  [1mSELECT `users`.* FROM `users` WHERE `users`.`id` = 1 LIMIT 1[0m
  [1m[35mProduct Load (0.3ms)[0m  SELECT `products`.* FROM `products` WHERE `products`.`id` = 1 ORDER BY title LIMIT 1
Rendered products/show.html.erb within layouts/application (28.7ms)
Completed 200 OK in 65ms (Views: 32.8ms | ActiveRecord: 3.0ms)


Started GET "/cn/products" for 127.0.0.1 at 2011-07-23 12:02:31 +0800
  Processing by ProductsController#index as HTML
  Parameters: {"locale"=>"cn"}
  [1m[36mUser Load (0.5ms)[0m  [1mSELECT `users`.* FROM `users` WHERE `users`.`id` = 1 LIMIT 1[0m
  [1m[35mProduct Load (0.3ms)[0m  SELECT `products`.* FROM `products` ORDER BY title
Rendered products/index.html.erb within layouts/application (23.5ms)
Completed 200 OK in 49ms (Views: 26.6ms | ActiveRecord: 0.8ms)


Started GET "/cn/products/new" for 127.0.0.1 at 2011-07-23 12:02:35 +0800
  Processing by ProductsController#new as HTML
  Parameters: {"locale"=>"cn"}
  [1m[36mUser Load (0.2ms)[0m  [1mSELECT `users`.* FROM `users` WHERE `users`.`id` = 1 LIMIT 1[0m
Rendered products/_form.html.erb (8.2ms)
Rendered products/new.html.erb within layouts/application (12.3ms)
Completed 200 OK in 39ms (Views: 16.4ms | ActiveRecord: 0.2ms)


Started POST "/cn/products" for 127.0.0.1 at 2011-07-23 12:03:37 +0800
  Processing by ProductsController#create as HTML
  Parameters: {"utf8"=>"✓", "authenticity_token"=>"4ko6jmKvvQO5ntWwt8i2e9mrZCu2jVu2msxD8J9f7DA=", "product"=>{"title"=>"Programming Ruby", "description"=>"Programming Ruby", "image_url"=>"debug.png", "price"=>"1.12"}, "commit"=>"Create Product", "locale"=>"cn"}
  [1m[35mUser Load (0.2ms)[0m  SELECT `users`.* FROM `users` WHERE `users`.`id` = 1 LIMIT 1
  [1m[36mSQL (0.1ms)[0m  [1mBEGIN[0m
  [1m[35mSQL (0.2ms)[0m  SELECT 1 FROM `products` WHERE (`products`.`title` = BINARY 'Programming Ruby') LIMIT 1
  [1m[36mSQL (1.2ms)[0m  [1mdescribe `products`[0m
  [1m[35mAREL (0.1ms)[0m  INSERT INTO `products` (`title`, `description`, `image_url`, `price`, `created_at`, `updated_at`) VALUES ('Programming Ruby', 'Programming Ruby', 'debug.png', 1.12, '2011-07-23 04:03:37', '2011-07-23 04:03:37')
  [1m[36mSQL (0.3ms)[0m  [1mCOMMIT[0m
Redirected to http://0.0.0.0:3000/cn/products/2
Completed 302 Found in 35ms


Started GET "/cn/products/2" for 127.0.0.1 at 2011-07-23 12:03:37 +0800
  Processing by ProductsController#show as HTML
  Parameters: {"locale"=>"cn", "id"=>"2"}
  [1m[35mUser Load (0.2ms)[0m  SELECT `users`.* FROM `users` WHERE `users`.`id` = 1 LIMIT 1
  [1m[36mProduct Load (0.3ms)[0m  [1mSELECT `products`.* FROM `products` WHERE `products`.`id` = 2 ORDER BY title LIMIT 1[0m
Rendered products/show.html.erb within layouts/application (14.3ms)
Completed 200 OK in 70ms (Views: 18.3ms | ActiveRecord: 2.6ms)


Started GET "/cn/products" for 127.0.0.1 at 2011-07-23 12:03:40 +0800
  Processing by ProductsController#index as HTML
  Parameters: {"locale"=>"cn"}
  [1m[35mUser Load (0.2ms)[0m  SELECT `users`.* FROM `users` WHERE `users`.`id` = 1 LIMIT 1
  [1m[36mProduct Load (0.3ms)[0m  [1mSELECT `products`.* FROM `products` ORDER BY title[0m
Rendered products/index.html.erb within layouts/application (31.3ms)
Completed 200 OK in 57ms (Views: 34.4ms | ActiveRecord: 0.5ms)


Started GET "/images/debug.png" for 127.0.0.1 at 2011-07-23 12:03:40 +0800

ActionController::RoutingError (No route matches "/images/debug.png"):
  

Rendered /Users/vincent/.rvm/gems/ruby-1.9.2-p180/gems/actionpack-3.0.8/lib/action_dispatch/middleware/templates/rescues/routing_error.erb within rescues/layout (0.9ms)


Started GET "/images/debug.png" for 127.0.0.1 at 2011-07-23 12:03:40 +0800

ActionController::RoutingError (No route matches "/images/debug.png"):
  

Rendered /Users/vincent/.rvm/gems/ruby-1.9.2-p180/gems/actionpack-3.0.8/lib/action_dispatch/middleware/templates/rescues/routing_error.erb within rescues/layout (1.0ms)


Started GET "/cn/orders" for 127.0.0.1 at 2011-07-23 12:05:59 +0800
  Processing by OrdersController#index as HTML
  Parameters: {"locale"=>"cn"}
  [1m[35mUser Load (0.2ms)[0m  SELECT `users`.* FROM `users` WHERE `users`.`id` = 1 LIMIT 1
  [1m[36mOrder Load (0.2ms)[0m  [1mSELECT `orders`.* FROM `orders` ORDER BY created_at desc LIMIT 10 OFFSET 0[0m
Rendered orders/index.html.erb within layouts/application (24.4ms)
Completed 200 OK in 49ms (Views: 27.4ms | ActiveRecord: 0.4ms)


Started GET "/cn/orders/new" for 127.0.0.1 at 2011-07-23 12:06:01 +0800
  Processing by OrdersController#new as HTML
  Parameters: {"locale"=>"cn"}
  [1m[35mCart Load (0.3ms)[0m  SELECT `carts`.* FROM `carts` WHERE `carts`.`id` = 1 LIMIT 1
  [1m[36mSQL (0.2ms)[0m  [1mSELECT COUNT(*) FROM `line_items` WHERE (`line_items`.cart_id = 1)[0m
Redirected to http://0.0.0.0:3000/cn
Completed 302 Found in 26ms


Started GET "/cn" for 127.0.0.1 at 2011-07-23 12:06:01 +0800
  Processing by StoreController#index as HTML
  Parameters: {"locale"=>"cn"}
  [1m[35mProduct Load (0.3ms)[0m  SELECT `products`.* FROM `products` ORDER BY title
  [1m[36mCart Load (0.2ms)[0m  [1mSELECT `carts`.* FROM `carts` WHERE `carts`.`id` = 1 LIMIT 1[0m
  [1m[35mSQL (0.2ms)[0m  SELECT COUNT(*) FROM `line_items` WHERE (`line_items`.cart_id = 1)
Rendered carts/_cart.html.erb (0.5ms)
Rendered store/index.html.erb within layouts/application (28.7ms)
Completed 200 OK in 61ms (Views: 31.7ms | ActiveRecord: 1.3ms)


Started GET "/images/debug.png" for 127.0.0.1 at 2011-07-23 12:06:01 +0800

ActionController::RoutingError (No route matches "/images/debug.png"):
  

Rendered /Users/vincent/.rvm/gems/ruby-1.9.2-p180/gems/actionpack-3.0.8/lib/action_dispatch/middleware/templates/rescues/routing_error.erb within rescues/layout (1.5ms)


Started GET "/images/debug.png" for 127.0.0.1 at 2011-07-23 12:06:01 +0800

ActionController::RoutingError (No route matches "/images/debug.png"):
  

Rendered /Users/vincent/.rvm/gems/ruby-1.9.2-p180/gems/actionpack-3.0.8/lib/action_dispatch/middleware/templates/rescues/routing_error.erb within rescues/layout (0.9ms)


Started POST "/cn/line_items?product_id=2" for 127.0.0.1 at 2011-07-23 12:06:03 +0800
  Processing by LineItemsController#create as JS
  Parameters: {"authenticity_token"=>"4ko6jmKvvQO5ntWwt8i2e9mrZCu2jVu2msxD8J9f7DA=", "product_id"=>"2", "locale"=>"cn"}
  [1m[36mCart Load (0.2ms)[0m  [1mSELECT `carts`.* FROM `carts` WHERE `carts`.`id` = 1 LIMIT 1[0m
  [1m[35mProduct Load (0.2ms)[0m  SELECT `products`.* FROM `products` WHERE `products`.`id` = 2 ORDER BY title LIMIT 1
  [1m[36mLineItem Load (0.2ms)[0m  [1mSELECT `line_items`.* FROM `line_items` WHERE `line_items`.`product_id` = 2 AND (`line_items`.cart_id = 1) LIMIT 1[0m
  [1m[35mSQL (0.1ms)[0m  BEGIN
  [1m[36mSQL (1.4ms)[0m  [1mdescribe `line_items`[0m
  [1m[35mAREL (0.2ms)[0m  INSERT INTO `line_items` (`product_id`, `cart_id`, `created_at`, `updated_at`, `quantity`, `order_id`) VALUES (2, 1, '2011-07-23 04:06:03', '2011-07-23 04:06:03', 1, NULL)
  [1m[36mSQL (0.4ms)[0m  [1mCOMMIT[0m
  [1m[35mSQL (0.3ms)[0m  SELECT COUNT(*) FROM `line_items` WHERE (`line_items`.cart_id = 1)
  [1m[36mLineItem Load (0.2ms)[0m  [1mSELECT `line_items`.* FROM `line_items` WHERE (`line_items`.cart_id = 1)[0m
  [1m[35mProduct Load (0.3ms)[0m  SELECT `products`.* FROM `products` WHERE `products`.`id` = 2 ORDER BY title LIMIT 1
Rendered line_items/_line_item.html.erb (4.7ms)
Rendered carts/_cart.html.erb (9.2ms)
  [1m[36mSQL (0.2ms)[0m  [1mSELECT SUM(`line_items`.`quantity`) AS sum_id FROM `line_items` WHERE (`line_items`.cart_id = 1)[0m
Rendered line_items/create.js.rjs (11.8ms)
Completed 200 OK in 90ms (Views: 38.8ms | ActiveRecord: 3.7ms)


Started POST "/cn/line_items?product_id=2" for 127.0.0.1 at 2011-07-23 12:06:05 +0800
  Processing by LineItemsController#create as JS
  Parameters: {"authenticity_token"=>"4ko6jmKvvQO5ntWwt8i2e9mrZCu2jVu2msxD8J9f7DA=", "product_id"=>"2", "locale"=>"cn"}
  [1m[35mCart Load (0.2ms)[0m  SELECT `carts`.* FROM `carts` WHERE `carts`.`id` = 1 LIMIT 1
  [1m[36mProduct Load (0.2ms)[0m  [1mSELECT `products`.* FROM `products` WHERE `products`.`id` = 2 ORDER BY title LIMIT 1[0m
  [1m[35mLineItem Load (0.2ms)[0m  SELECT `line_items`.* FROM `line_items` WHERE `line_items`.`product_id` = 2 AND (`line_items`.cart_id = 1) LIMIT 1
  [1m[36mSQL (0.1ms)[0m  [1mBEGIN[0m
  [1m[35mAREL (0.3ms)[0m  UPDATE `line_items` SET `quantity` = 2, `updated_at` = '2011-07-23 04:06:05' WHERE `line_items`.`id` = 1
  [1m[36mSQL (0.4ms)[0m  [1mCOMMIT[0m
  [1m[35mSQL (0.3ms)[0m  SELECT COUNT(*) FROM `line_items` WHERE (`line_items`.cart_id = 1)
  [1m[36mLineItem Load (0.2ms)[0m  [1mSELECT `line_items`.* FROM `line_items` WHERE (`line_items`.cart_id = 1)[0m
  [1m[35mProduct Load (0.3ms)[0m  SELECT `products`.* FROM `products` WHERE `products`.`id` = 2 ORDER BY title LIMIT 1
Rendered line_items/_line_item.html.erb (4.8ms)
Rendered carts/_cart.html.erb (8.6ms)
  [1m[36mSQL (0.2ms)[0m  [1mSELECT SUM(`line_items`.`quantity`) AS sum_id FROM `line_items` WHERE (`line_items`.cart_id = 1)[0m
Rendered line_items/create.js.rjs (10.9ms)
Completed 200 OK in 67ms (Views: 15.2ms | ActiveRecord: 2.3ms)


Started POST "/cn/line_items?product_id=1" for 127.0.0.1 at 2011-07-23 12:06:07 +0800
  Processing by LineItemsController#create as JS
  Parameters: {"authenticity_token"=>"4ko6jmKvvQO5ntWwt8i2e9mrZCu2jVu2msxD8J9f7DA=", "product_id"=>"1", "locale"=>"cn"}
  [1m[35mCart Load (0.2ms)[0m  SELECT `carts`.* FROM `carts` WHERE `carts`.`id` = 1 LIMIT 1
  [1m[36mProduct Load (0.2ms)[0m  [1mSELECT `products`.* FROM `products` WHERE `products`.`id` = 1 ORDER BY title LIMIT 1[0m
  [1m[35mLineItem Load (0.2ms)[0m  SELECT `line_items`.* FROM `line_items` WHERE `line_items`.`product_id` = 1 AND (`line_items`.cart_id = 1) LIMIT 1
  [1m[36mSQL (0.1ms)[0m  [1mBEGIN[0m
  [1m[35mSQL (1.2ms)[0m  describe `line_items`
  [1m[36mAREL (0.2ms)[0m  [1mINSERT INTO `line_items` (`product_id`, `cart_id`, `created_at`, `updated_at`, `quantity`, `order_id`) VALUES (1, 1, '2011-07-23 04:06:07', '2011-07-23 04:06:07', 1, NULL)[0m
  [1m[35mSQL (0.3ms)[0m  COMMIT
  [1m[36mSQL (0.3ms)[0m  [1mSELECT COUNT(*) FROM `line_items` WHERE (`line_items`.cart_id = 1)[0m
  [1m[35mLineItem Load (0.2ms)[0m  SELECT `line_items`.* FROM `line_items` WHERE (`line_items`.cart_id = 1)
  [1m[36mProduct Load (0.3ms)[0m  [1mSELECT `products`.* FROM `products` WHERE `products`.`id` = 2 ORDER BY title LIMIT 1[0m
  [1m[35mProduct Load (0.2ms)[0m  SELECT `products`.* FROM `products` WHERE `products`.`id` = 1 ORDER BY title LIMIT 1
Rendered line_items/_line_item.html.erb (5.4ms)
Rendered carts/_cart.html.erb (10.2ms)
  [1m[36mSQL (0.2ms)[0m  [1mSELECT SUM(`line_items`.`quantity`) AS sum_id FROM `line_items` WHERE (`line_items`.cart_id = 1)[0m
Rendered line_items/create.js.rjs (12.6ms)
Completed 200 OK in 68ms (Views: 16.6ms | ActiveRecord: 3.4ms)


Started GET "/cn/orders/new" for 127.0.0.1 at 2011-07-23 12:06:09 +0800
  Processing by OrdersController#new as HTML
  Parameters: {"locale"=>"cn"}
  [1m[35mCart Load (0.2ms)[0m  SELECT `carts`.* FROM `carts` WHERE `carts`.`id` = 1 LIMIT 1
  [1m[36mSQL (0.2ms)[0m  [1mSELECT COUNT(*) FROM `line_items` WHERE (`line_items`.cart_id = 1)[0m
Rendered orders/_form.html.erb (8.2ms)
  [1m[35mCACHE (0.0ms)[0m  SELECT COUNT(*) FROM `line_items` WHERE (`line_items`.cart_id = 1)
  [1m[36mCACHE (0.0ms)[0m  [1mSELECT COUNT(*) FROM `line_items` WHERE (`line_items`.cart_id = 1)[0m
  [1m[35mLineItem Load (0.3ms)[0m  SELECT `line_items`.* FROM `line_items` WHERE (`line_items`.cart_id = 1)
  [1m[36mProduct Load (0.3ms)[0m  [1mSELECT `products`.* FROM `products` WHERE `products`.`id` = 2 ORDER BY title LIMIT 1[0m
  [1m[35mProduct Load (0.3ms)[0m  SELECT `products`.* FROM `products` WHERE `products`.`id` = 1 ORDER BY title LIMIT 1
Rendered line_items/_line_item.html.erb (44.3ms)
Rendered carts/_cart.html.erb (52.4ms)
Rendered orders/new.html.erb within layouts/application (66.4ms)
Completed 200 OK in 103ms (Views: 68.6ms | ActiveRecord: 1.3ms)


Started POST "/cn/orders" for 127.0.0.1 at 2011-07-23 12:06:29 +0800
  Processing by OrdersController#create as HTML
  Parameters: {"utf8"=>"✓", "authenticity_token"=>"4ko6jmKvvQO5ntWwt8i2e9mrZCu2jVu2msxD8J9f7DA=", "order"=>{"name"=>"first order", "address"=>"sdf", "email"=>"cui.shujun@live.cn", "pay_type"=>"Credit card"}, "commit"=>"Place Order", "locale"=>"cn"}
  [1m[36mCart Load (0.2ms)[0m  [1mSELECT `carts`.* FROM `carts` WHERE `carts`.`id` = 1 LIMIT 1[0m
  [1m[35mLineItem Load (0.2ms)[0m  SELECT `line_items`.* FROM `line_items` WHERE (`line_items`.cart_id = 1)
  [1m[36mSQL (0.1ms)[0m  [1mBEGIN[0m
  [1m[35mSQL (0.0ms)[0m  COMMIT
  [1m[36mSQL (0.0ms)[0m  [1mBEGIN[0m
  [1m[35mSQL (0.0ms)[0m  COMMIT
  [1m[36mSQL (0.0ms)[0m  [1mBEGIN[0m
  [1m[35mSQL (1.4ms)[0m  describe `orders`
  [1m[36mAREL (0.1ms)[0m  [1mINSERT INTO `orders` (`name`, `address`, `email`, `pay_type`, `created_at`, `updated_at`) VALUES ('first order', 'sdf', 'cui.shujun@live.cn', 'Credit card', '2011-07-23 04:06:29', '2011-07-23 04:06:29')[0m
  [1m[35mAREL (0.3ms)[0m  UPDATE `line_items` SET `cart_id` = NULL, `order_id` = 1, `updated_at` = '2011-07-23 04:06:29' WHERE `line_items`.`id` = 1
  [1m[36mAREL (0.1ms)[0m  [1mUPDATE `line_items` SET `cart_id` = NULL, `order_id` = 1, `updated_at` = '2011-07-23 04:06:29' WHERE `line_items`.`id` = 2[0m
  [1m[35mSQL (0.5ms)[0m  COMMIT
  [1m[36mCart Load (0.2ms)[0m  [1mSELECT `carts`.* FROM `carts` WHERE `carts`.`id` = 1 LIMIT 1[0m
  [1m[35mSQL (0.1ms)[0m  BEGIN
  [1m[36mLineItem Load (0.2ms)[0m  [1mSELECT `line_items`.* FROM `line_items` WHERE (`line_items`.cart_id = 1)[0m
  [1m[35mAREL (0.1ms)[0m  DELETE FROM `carts` WHERE `carts`.`id` = 1
  [1m[36mSQL (0.3ms)[0m  [1mCOMMIT[0m
  [1m[35mProduct Load (0.2ms)[0m  SELECT `products`.* FROM `products` WHERE `products`.`id` = 2 ORDER BY title LIMIT 1
  [1m[36mProduct Load (0.3ms)[0m  [1mSELECT `products`.* FROM `products` WHERE `products`.`id` = 1 ORDER BY title LIMIT 1[0m
Rendered line_items/_line_item.text.erb (21.5ms)
Rendered notifier/order_received.text.erb (22.9ms)

Sent mail to cui.shujun@live.cn (30031ms)
Date: Sat, 23 Jul 2011 12:06:30 +0800
From: shujun.cui@cubead.com
To: cui.shujun@live.cn
Message-ID: <4e2a48c69a780_713810581c08859@localhost.mail>
Subject: Pragmatic Store Order Confirmation
Mime-Version: 1.0
Content-Type: text/plain;
 charset=UTF-8
Content-Transfer-Encoding: 7bit

Dear first order

Thank you for your recent order from The Pragmatic Store.

You ordered the following items:

 2 x Programming Ruby
 1 x Ruby On Rails


We'll send you a separate e-mail when your order ships.
Completed 500 Internal Server Error in 31163ms

Timeout::Error (execution expired):
  app/controllers/orders_controller.rb:58:in `block in create'
  app/controllers/orders_controller.rb:54:in `create'

Rendered /Users/vincent/.rvm/gems/ruby-1.9.2-p180/gems/actionpack-3.0.8/lib/action_dispatch/middleware/templates/rescues/_trace.erb (0.9ms)
Rendered /Users/vincent/.rvm/gems/ruby-1.9.2-p180/gems/actionpack-3.0.8/lib/action_dispatch/middleware/templates/rescues/_request_and_response.erb (3.3ms)
Rendered /Users/vincent/.rvm/gems/ruby-1.9.2-p180/gems/actionpack-3.0.8/lib/action_dispatch/middleware/templates/rescues/diagnostics.erb within rescues/layout (7.0ms)


Started GET "/cn/products" for 127.0.0.1 at 2011-07-23 12:29:11 +0800
  Processing by ProductsController#index as HTML
  Parameters: {"locale"=>"cn"}
  [1m[35mUser Load (0.2ms)[0m  SELECT `users`.* FROM `users` WHERE `users`.`id` = 1 LIMIT 1
  [1m[36mProduct Load (0.3ms)[0m  [1mSELECT `products`.* FROM `products` ORDER BY title[0m
Rendered products/index.html.erb within layouts/application (14.0ms)
Completed 200 OK in 39ms (Views: 17.0ms | ActiveRecord: 0.5ms)


Started GET "/images/debug.png" for 127.0.0.1 at 2011-07-23 12:29:11 +0800

ActionController::RoutingError (No route matches "/images/debug.png"):
  

Rendered /Users/vincent/.rvm/gems/ruby-1.9.2-p180/gems/actionpack-3.0.8/lib/action_dispatch/middleware/templates/rescues/routing_error.erb within rescues/layout (1.3ms)


Started GET "/images/debug.png" for 127.0.0.1 at 2011-07-23 12:29:12 +0800

ActionController::RoutingError (No route matches "/images/debug.png"):
  

Rendered /Users/vincent/.rvm/gems/ruby-1.9.2-p180/gems/actionpack-3.0.8/lib/action_dispatch/middleware/templates/rescues/routing_error.erb within rescues/layout (1.3ms)


Started GET "/cn/orders" for 127.0.0.1 at 2011-07-23 12:29:18 +0800
  Processing by OrdersController#index as HTML
  Parameters: {"locale"=>"cn"}
  [1m[35mUser Load (0.2ms)[0m  SELECT `users`.* FROM `users` WHERE `users`.`id` = 1 LIMIT 1
  [1m[36mOrder Load (0.2ms)[0m  [1mSELECT `orders`.* FROM `orders` ORDER BY created_at desc LIMIT 10 OFFSET 0[0m
Rendered orders/index.html.erb within layouts/application (10.7ms)
Completed 200 OK in 34ms (Views: 13.7ms | ActiveRecord: 0.4ms)


Started GET "/cn/orders/new" for 127.0.0.1 at 2011-07-23 12:29:19 +0800
  Processing by OrdersController#new as HTML
  Parameters: {"locale"=>"cn"}
  [1m[35mCart Load (0.2ms)[0m  SELECT `carts`.* FROM `carts` WHERE `carts`.`id` = 1 LIMIT 1
  [1m[36mSQL (0.0ms)[0m  [1mBEGIN[0m
  [1m[35mSQL (1.2ms)[0m  describe `carts`
  [1m[36mAREL (0.2ms)[0m  [1mINSERT INTO `carts` (`created_at`, `updated_at`) VALUES ('2011-07-23 04:29:19', '2011-07-23 04:29:19')[0m
  [1m[35mSQL (0.3ms)[0m  COMMIT
  [1m[36mSQL (0.2ms)[0m  [1mSELECT COUNT(*) FROM `line_items` WHERE (`line_items`.cart_id = 2)[0m
Redirected to http://0.0.0.0:3000/cn
Completed 302 Found in 50ms


Started GET "/cn" for 127.0.0.1 at 2011-07-23 12:29:19 +0800
  Processing by StoreController#index as HTML
  Parameters: {"locale"=>"cn"}
  [1m[35mProduct Load (0.3ms)[0m  SELECT `products`.* FROM `products` ORDER BY title
  [1m[36mCart Load (0.2ms)[0m  [1mSELECT `carts`.* FROM `carts` WHERE `carts`.`id` = 2 LIMIT 1[0m
  [1m[35mSQL (0.2ms)[0m  SELECT COUNT(*) FROM `line_items` WHERE (`line_items`.cart_id = 2)
Rendered carts/_cart.html.erb (0.6ms)
Rendered store/index.html.erb within layouts/application (38.1ms)
Completed 200 OK in 61ms (Views: 41.7ms | ActiveRecord: 0.8ms)


Started GET "/images/debug.png" for 127.0.0.1 at 2011-07-23 12:29:20 +0800

ActionController::RoutingError (No route matches "/images/debug.png"):
  

Rendered /Users/vincent/.rvm/gems/ruby-1.9.2-p180/gems/actionpack-3.0.8/lib/action_dispatch/middleware/templates/rescues/routing_error.erb within rescues/layout (0.9ms)


Started GET "/images/debug.png" for 127.0.0.1 at 2011-07-23 12:29:20 +0800

ActionController::RoutingError (No route matches "/images/debug.png"):
  

Rendered /Users/vincent/.rvm/gems/ruby-1.9.2-p180/gems/actionpack-3.0.8/lib/action_dispatch/middleware/templates/rescues/routing_error.erb within rescues/layout (1.5ms)


Started GET "/cn/orders/1/edit" for 127.0.0.1 at 2011-07-23 12:29:25 +0800
  Processing by OrdersController#edit as HTML
  Parameters: {"locale"=>"cn", "id"=>"1"}
  [1m[36mUser Load (0.2ms)[0m  [1mSELECT `users`.* FROM `users` WHERE `users`.`id` = 1 LIMIT 1[0m
  [1m[35mOrder Load (0.2ms)[0m  SELECT `orders`.* FROM `orders` WHERE `orders`.`id` = 1 LIMIT 1
Rendered orders/_form.html.erb (9.7ms)
Rendered orders/edit.html.erb within layouts/application (14.1ms)
Completed 200 OK in 40ms (Views: 17.1ms | ActiveRecord: 0.4ms)


Started POST "/cn/orders/1" for 127.0.0.1 at 2011-07-23 12:29:36 +0800
  Processing by OrdersController#update as HTML
  Parameters: {"utf8"=>"✓", "authenticity_token"=>"4ko6jmKvvQO5ntWwt8i2e9mrZCu2jVu2msxD8J9f7DA=", "order"=>{"name"=>"first order", "address"=>"sdf", "email"=>"shujuncui@gmail.com", "pay_type"=>"Credit card"}, "commit"=>"Place Order", "locale"=>"cn", "id"=>"1"}
  [1m[36mUser Load (0.2ms)[0m  [1mSELECT `users`.* FROM `users` WHERE `users`.`id` = 1 LIMIT 1[0m
  [1m[35mOrder Load (0.2ms)[0m  SELECT `orders`.* FROM `orders` WHERE `orders`.`id` = 1 LIMIT 1
  [1m[36mSQL (0.0ms)[0m  [1mBEGIN[0m
  [1m[35mAREL (0.3ms)[0m  UPDATE `orders` SET `email` = 'shujuncui@gmail.com', `updated_at` = '2011-07-23 04:29:36' WHERE `orders`.`id` = 1
  [1m[36mSQL (0.3ms)[0m  [1mCOMMIT[0m
Redirected to http://0.0.0.0:3000/cn/orders/1
Completed 302 Found in 31ms


Started GET "/cn/orders/1" for 127.0.0.1 at 2011-07-23 12:29:36 +0800
  Processing by OrdersController#show as HTML
  Parameters: {"locale"=>"cn", "id"=>"1"}
  [1m[35mUser Load (0.2ms)[0m  SELECT `users`.* FROM `users` WHERE `users`.`id` = 1 LIMIT 1
  [1m[36mOrder Load (0.2ms)[0m  [1mSELECT `orders`.* FROM `orders` WHERE `orders`.`id` = 1 LIMIT 1[0m
Rendered orders/show.html.erb within layouts/application (10.7ms)
Completed 200 OK in 36ms (Views: 14.0ms | ActiveRecord: 2.6ms)


Started GET "/cn/orders" for 127.0.0.1 at 2011-07-23 12:29:42 +0800
  Processing by OrdersController#index as HTML
  Parameters: {"locale"=>"cn"}
  [1m[35mUser Load (0.2ms)[0m  SELECT `users`.* FROM `users` WHERE `users`.`id` = 1 LIMIT 1
  [1m[36mOrder Load (0.3ms)[0m  [1mSELECT `orders`.* FROM `orders` ORDER BY created_at desc LIMIT 10 OFFSET 0[0m
Rendered orders/index.html.erb within layouts/application (11.7ms)
Completed 200 OK in 36ms (Views: 14.9ms | ActiveRecord: 0.5ms)


Started GET "/cn/orders/1" for 127.0.0.1 at 2011-07-23 12:29:45 +0800
  Processing by OrdersController#show as HTML
  Parameters: {"locale"=>"cn", "id"=>"1"}
  [1m[35mUser Load (0.2ms)[0m  SELECT `users`.* FROM `users` WHERE `users`.`id` = 1 LIMIT 1
  [1m[36mOrder Load (0.2ms)[0m  [1mSELECT `orders`.* FROM `orders` WHERE `orders`.`id` = 1 LIMIT 1[0m
Rendered orders/show.html.erb within layouts/application (10.7ms)
Completed 200 OK in 58ms (Views: 13.6ms | ActiveRecord: 1.4ms)


Started GET "/cn/orders" for 127.0.0.1 at 2011-07-23 12:32:20 +0800
  Processing by OrdersController#index as HTML
  Parameters: {"locale"=>"cn"}
  [1m[35mUser Load (0.2ms)[0m  SELECT `users`.* FROM `users` WHERE `users`.`id` = 1 LIMIT 1
  [1m[36mOrder Load (0.3ms)[0m  [1mSELECT `orders`.* FROM `orders` ORDER BY created_at desc LIMIT 10 OFFSET 0[0m
Rendered orders/index.html.erb within layouts/application (35.0ms)
Completed 200 OK in 58ms (Views: 37.8ms | ActiveRecord: 0.5ms)


Started GET "/cn/orders/new" for 127.0.0.1 at 2011-07-23 12:32:22 +0800
  Processing by OrdersController#new as HTML
  Parameters: {"locale"=>"cn"}
  [1m[35mCart Load (0.3ms)[0m  SELECT `carts`.* FROM `carts` WHERE `carts`.`id` = 2 LIMIT 1
  [1m[36mSQL (0.2ms)[0m  [1mSELECT COUNT(*) FROM `line_items` WHERE (`line_items`.cart_id = 2)[0m
Redirected to http://0.0.0.0:3000/cn
Completed 302 Found in 25ms


Started GET "/cn" for 127.0.0.1 at 2011-07-23 12:32:22 +0800
  Processing by StoreController#index as HTML
  Parameters: {"locale"=>"cn"}
  [1m[35mProduct Load (0.3ms)[0m  SELECT `products`.* FROM `products` ORDER BY title
  [1m[36mCart Load (0.2ms)[0m  [1mSELECT `carts`.* FROM `carts` WHERE `carts`.`id` = 2 LIMIT 1[0m
  [1m[35mSQL (0.2ms)[0m  SELECT COUNT(*) FROM `line_items` WHERE (`line_items`.cart_id = 2)
Rendered carts/_cart.html.erb (0.6ms)
Rendered store/index.html.erb within layouts/application (36.6ms)
Completed 200 OK in 81ms (Views: 39.6ms | ActiveRecord: 1.2ms)


Started GET "/images/debug.png" for 127.0.0.1 at 2011-07-23 12:32:23 +0800

ActionController::RoutingError (No route matches "/images/debug.png"):
  

Rendered /Users/vincent/.rvm/gems/ruby-1.9.2-p180/gems/actionpack-3.0.8/lib/action_dispatch/middleware/templates/rescues/routing_error.erb within rescues/layout (1.5ms)


Started GET "/images/debug.png" for 127.0.0.1 at 2011-07-23 12:32:23 +0800

ActionController::RoutingError (No route matches "/images/debug.png"):
  

Rendered /Users/vincent/.rvm/gems/ruby-1.9.2-p180/gems/actionpack-3.0.8/lib/action_dispatch/middleware/templates/rescues/routing_error.erb within rescues/layout (1.5ms)


Started POST "/cn/line_items?product_id=1" for 127.0.0.1 at 2011-07-23 12:32:24 +0800
  Processing by LineItemsController#create as JS
  Parameters: {"authenticity_token"=>"4ko6jmKvvQO5ntWwt8i2e9mrZCu2jVu2msxD8J9f7DA=", "product_id"=>"1", "locale"=>"cn"}
  [1m[36mCart Load (0.2ms)[0m  [1mSELECT `carts`.* FROM `carts` WHERE `carts`.`id` = 2 LIMIT 1[0m
  [1m[35mProduct Load (0.2ms)[0m  SELECT `products`.* FROM `products` WHERE `products`.`id` = 1 ORDER BY title LIMIT 1
  [1m[36mLineItem Load (0.2ms)[0m  [1mSELECT `line_items`.* FROM `line_items` WHERE `line_items`.`product_id` = 1 AND (`line_items`.cart_id = 2) LIMIT 1[0m
  [1m[35mSQL (0.1ms)[0m  BEGIN
  [1m[36mSQL (1.3ms)[0m  [1mdescribe `line_items`[0m
  [1m[35mAREL (0.1ms)[0m  INSERT INTO `line_items` (`product_id`, `cart_id`, `created_at`, `updated_at`, `quantity`, `order_id`) VALUES (1, 2, '2011-07-23 04:32:24', '2011-07-23 04:32:24', 1, NULL)
  [1m[36mSQL (0.9ms)[0m  [1mCOMMIT[0m
  [1m[35mSQL (0.3ms)[0m  SELECT COUNT(*) FROM `line_items` WHERE (`line_items`.cart_id = 2)
  [1m[36mLineItem Load (0.1ms)[0m  [1mSELECT `line_items`.* FROM `line_items` WHERE (`line_items`.cart_id = 2)[0m
  [1m[35mProduct Load (0.3ms)[0m  SELECT `products`.* FROM `products` WHERE `products`.`id` = 1 ORDER BY title LIMIT 1
Rendered line_items/_line_item.html.erb (5.1ms)
Rendered carts/_cart.html.erb (9.5ms)
  [1m[36mSQL (0.2ms)[0m  [1mSELECT SUM(`line_items`.`quantity`) AS sum_id FROM `line_items` WHERE (`line_items`.cart_id = 2)[0m
Rendered line_items/create.js.rjs (12.0ms)
Completed 200 OK in 93ms (Views: 16.4ms | ActiveRecord: 3.9ms)


Started POST "/cn/line_items?product_id=2" for 127.0.0.1 at 2011-07-23 12:32:25 +0800
  Processing by LineItemsController#create as JS
  Parameters: {"authenticity_token"=>"4ko6jmKvvQO5ntWwt8i2e9mrZCu2jVu2msxD8J9f7DA=", "product_id"=>"2", "locale"=>"cn"}
  [1m[35mCart Load (0.2ms)[0m  SELECT `carts`.* FROM `carts` WHERE `carts`.`id` = 2 LIMIT 1
  [1m[36mProduct Load (0.3ms)[0m  [1mSELECT `products`.* FROM `products` WHERE `products`.`id` = 2 ORDER BY title LIMIT 1[0m
  [1m[35mLineItem Load (0.2ms)[0m  SELECT `line_items`.* FROM `line_items` WHERE `line_items`.`product_id` = 2 AND (`line_items`.cart_id = 2) LIMIT 1
  [1m[36mSQL (0.1ms)[0m  [1mBEGIN[0m
  [1m[35mSQL (1.5ms)[0m  describe `line_items`
  [1m[36mAREL (0.2ms)[0m  [1mINSERT INTO `line_items` (`product_id`, `cart_id`, `created_at`, `updated_at`, `quantity`, `order_id`) VALUES (2, 2, '2011-07-23 04:32:25', '2011-07-23 04:32:25', 1, NULL)[0m
  [1m[35mSQL (1.0ms)[0m  COMMIT
  [1m[36mSQL (0.3ms)[0m  [1mSELECT COUNT(*) FROM `line_items` WHERE (`line_items`.cart_id = 2)[0m
  [1m[35mLineItem Load (0.2ms)[0m  SELECT `line_items`.* FROM `line_items` WHERE (`line_items`.cart_id = 2)
  [1m[36mProduct Load (0.3ms)[0m  [1mSELECT `products`.* FROM `products` WHERE `products`.`id` = 1 ORDER BY title LIMIT 1[0m
  [1m[35mProduct Load (0.3ms)[0m  SELECT `products`.* FROM `products` WHERE `products`.`id` = 2 ORDER BY title LIMIT 1
Rendered line_items/_line_item.html.erb (5.9ms)
Rendered carts/_cart.html.erb (10.5ms)
  [1m[36mSQL (0.3ms)[0m  [1mSELECT SUM(`line_items`.`quantity`) AS sum_id FROM `line_items` WHERE (`line_items`.cart_id = 2)[0m
Rendered line_items/create.js.rjs (13.4ms)
Completed 200 OK in 102ms (Views: 18.0ms | ActiveRecord: 5.0ms)


Started GET "/cn/orders/new" for 127.0.0.1 at 2011-07-23 12:32:27 +0800
  Processing by OrdersController#new as HTML
  Parameters: {"locale"=>"cn"}
  [1m[35mCart Load (0.2ms)[0m  SELECT `carts`.* FROM `carts` WHERE `carts`.`id` = 2 LIMIT 1
  [1m[36mSQL (0.2ms)[0m  [1mSELECT COUNT(*) FROM `line_items` WHERE (`line_items`.cart_id = 2)[0m
Rendered orders/_form.html.erb (7.7ms)
  [1m[35mCACHE (0.0ms)[0m  SELECT COUNT(*) FROM `line_items` WHERE (`line_items`.cart_id = 2)
  [1m[36mCACHE (0.0ms)[0m  [1mSELECT COUNT(*) FROM `line_items` WHERE (`line_items`.cart_id = 2)[0m
  [1m[35mLineItem Load (0.3ms)[0m  SELECT `line_items`.* FROM `line_items` WHERE (`line_items`.cart_id = 2)
  [1m[36mProduct Load (0.2ms)[0m  [1mSELECT `products`.* FROM `products` WHERE `products`.`id` = 1 ORDER BY title LIMIT 1[0m
  [1m[35mProduct Load (0.3ms)[0m  SELECT `products`.* FROM `products` WHERE `products`.`id` = 2 ORDER BY title LIMIT 1
Rendered line_items/_line_item.html.erb (28.5ms)
Rendered carts/_cart.html.erb (32.2ms)
Rendered orders/new.html.erb within layouts/application (45.9ms)
Completed 200 OK in 108ms (Views: 48.2ms | ActiveRecord: 1.2ms)


Started POST "/cn/orders" for 127.0.0.1 at 2011-07-23 12:32:46 +0800
  Processing by OrdersController#create as HTML
  Parameters: {"utf8"=>"✓", "authenticity_token"=>"4ko6jmKvvQO5ntWwt8i2e9mrZCu2jVu2msxD8J9f7DA=", "order"=>{"name"=>"second order", "address"=>"second", "email"=>"shujuncui@gmail.com", "pay_type"=>"Credit card"}, "commit"=>"Place Order", "locale"=>"cn"}
  [1m[36mCart Load (0.3ms)[0m  [1mSELECT `carts`.* FROM `carts` WHERE `carts`.`id` = 2 LIMIT 1[0m
  [1m[35mLineItem Load (0.2ms)[0m  SELECT `line_items`.* FROM `line_items` WHERE (`line_items`.cart_id = 2)
  [1m[36mSQL (0.1ms)[0m  [1mBEGIN[0m
  [1m[35mSQL (0.1ms)[0m  COMMIT
  [1m[36mSQL (0.1ms)[0m  [1mBEGIN[0m
  [1m[35mSQL (0.0ms)[0m  COMMIT
  [1m[36mSQL (0.0ms)[0m  [1mBEGIN[0m
  [1m[35mSQL (1.4ms)[0m  describe `orders`
  [1m[36mAREL (0.2ms)[0m  [1mINSERT INTO `orders` (`name`, `address`, `email`, `pay_type`, `created_at`, `updated_at`) VALUES ('second order', 'second', 'shujuncui@gmail.com', 'Credit card', '2011-07-23 04:32:46', '2011-07-23 04:32:46')[0m
  [1m[35mAREL (0.2ms)[0m  UPDATE `line_items` SET `cart_id` = NULL, `order_id` = 2, `updated_at` = '2011-07-23 04:32:46' WHERE `line_items`.`id` = 3
  [1m[36mAREL (0.2ms)[0m  [1mUPDATE `line_items` SET `cart_id` = NULL, `order_id` = 2, `updated_at` = '2011-07-23 04:32:46' WHERE `line_items`.`id` = 4[0m
  [1m[35mSQL (0.3ms)[0m  COMMIT
  [1m[36mCart Load (0.2ms)[0m  [1mSELECT `carts`.* FROM `carts` WHERE `carts`.`id` = 2 LIMIT 1[0m
  [1m[35mSQL (0.0ms)[0m  BEGIN
  [1m[36mLineItem Load (0.1ms)[0m  [1mSELECT `line_items`.* FROM `line_items` WHERE (`line_items`.cart_id = 2)[0m
  [1m[35mAREL (0.1ms)[0m  DELETE FROM `carts` WHERE `carts`.`id` = 2
  [1m[36mSQL (0.3ms)[0m  [1mCOMMIT[0m
  [1m[35mProduct Load (0.2ms)[0m  SELECT `products`.* FROM `products` WHERE `products`.`id` = 1 ORDER BY title LIMIT 1
  [1m[36mProduct Load (0.3ms)[0m  [1mSELECT `products`.* FROM `products` WHERE `products`.`id` = 2 ORDER BY title LIMIT 1[0m
Rendered line_items/_line_item.text.erb (47.7ms)
Rendered notifier/order_received.text.erb (48.8ms)

Sent mail to shujuncui@gmail.com (30006ms)
Date: Sat, 23 Jul 2011 12:32:46 +0800
From: shujun.cui@cubead.com
To: shujuncui@gmail.com
Message-ID: <4e2a4eeea4d9f_713826451a489d4@localhost.mail>
Subject: Pragmatic Store Order Confirmation
Mime-Version: 1.0
Content-Type: text/plain;
 charset=UTF-8
Content-Transfer-Encoding: 7bit

Dear second order

Thank you for your recent order from The Pragmatic Store.

You ordered the following items:

 1 x Ruby On Rails
 1 x Programming Ruby


We'll send you a separate e-mail when your order ships.
Completed 500 Internal Server Error in 30126ms

Timeout::Error (execution expired):
  app/controllers/orders_controller.rb:58:in `block in create'
  app/controllers/orders_controller.rb:54:in `create'

Rendered /Users/vincent/.rvm/gems/ruby-1.9.2-p180/gems/actionpack-3.0.8/lib/action_dispatch/middleware/templates/rescues/_trace.erb (1.7ms)
Rendered /Users/vincent/.rvm/gems/ruby-1.9.2-p180/gems/actionpack-3.0.8/lib/action_dispatch/middleware/templates/rescues/_request_and_response.erb (6.8ms)
Rendered /Users/vincent/.rvm/gems/ruby-1.9.2-p180/gems/actionpack-3.0.8/lib/action_dispatch/middleware/templates/rescues/diagnostics.erb within rescues/layout (12.9ms)
DEPRECATION WARNING: config.action_view.debug_rjs will be removed in 3.1, from 3.1 onwards you will need to install prototype-rails to continue to use RJS templates . (called from <top (required)> at /Users/vincent/Documents/rubywork/depot/config/environment.rb:5)
  [1m[36mSQL (0.4ms)[0m  [1mSHOW TABLES[0m
  [1m[35mSQL (0.2ms)[0m  SHOW TABLES
  [1m[36mSQL (0.2ms)[0m  [1mSELECT `schema_migrations`.`version` FROM `schema_migrations`[0m
DEPRECATION WARNING: config.action_view.debug_rjs will be removed in 3.1, from 3.1 onwards you will need to install prototype-rails to continue to use RJS templates . (called from <top (required)> at /Users/vincent/Documents/rubywork/depot/config/environment.rb:5)
  [1m[36mSQL (0.3ms)[0m  [1mSHOW TABLES[0m
  [1m[35mSQL (0.2ms)[0m  SHOW TABLES
  [1m[36mSQL (0.3ms)[0m  [1mSELECT `schema_migrations`.`version` FROM `schema_migrations`[0m
  [1m[35mSQL (29.7ms)[0m  DROP DATABASE IF EXISTS `depot_test`
  [1m[36mSQL (0.2ms)[0m  [1mCREATE DATABASE `depot_test` DEFAULT CHARACTER SET `utf8`[0m
  [1m[35mSQL (0.2ms)[0m  SHOW TABLES
  [1m[36mSQL (55.5ms)[0m  [1mCREATE TABLE `carts` (`id` int(11) DEFAULT NULL auto_increment PRIMARY KEY, `created_at` datetime, `updated_at` datetime) ENGINE=InnoDB[0m
  [1m[35mSQL (0.3ms)[0m  SHOW TABLES
  [1m[36mSQL (180.3ms)[0m  [1mCREATE TABLE `line_items` (`id` int(11) DEFAULT NULL auto_increment PRIMARY KEY, `product_id` int(11), `cart_id` int(11), `created_at` datetime, `updated_at` datetime, `quantity` int(11) DEFAULT 1, `order_id` int(11)) ENGINE=InnoDB[0m
  [1m[35mSQL (0.5ms)[0m  SHOW TABLES
  [1m[36mSQL (98.6ms)[0m  [1mCREATE TABLE `orders` (`id` int(11) DEFAULT NULL auto_increment PRIMARY KEY, `name` varchar(255), `address` text, `email` varchar(255), `pay_type` varchar(255), `created_at` datetime, `updated_at` datetime) ENGINE=InnoDB[0m
  [1m[35mSQL (0.5ms)[0m  SHOW TABLES
  [1m[36mSQL (99.5ms)[0m  [1mCREATE TABLE `products` (`id` int(11) DEFAULT NULL auto_increment PRIMARY KEY, `title` varchar(255), `description` text, `image_url` varchar(255), `price` decimal(8,2), `created_at` datetime, `updated_at` datetime) ENGINE=InnoDB[0m
  [1m[35mSQL (0.4ms)[0m  SHOW TABLES
  [1m[36mSQL (110.1ms)[0m  [1mCREATE TABLE `users` (`id` int(11) DEFAULT NULL auto_increment PRIMARY KEY, `name` varchar(255), `hashed_password` varchar(255), `salt` varchar(255), `created_at` datetime, `updated_at` datetime) ENGINE=InnoDB[0m
  [1m[35mSQL (0.5ms)[0m  SHOW TABLES
  [1m[36mSQL (76.7ms)[0m  [1mCREATE TABLE `schema_migrations` (`version` varchar(255) NOT NULL) ENGINE=InnoDB[0m
  [1m[35mSQL (0.5ms)[0m  SHOW KEYS FROM `schema_migrations`
  [1m[36mSQL (83.5ms)[0m  [1mCREATE UNIQUE INDEX `unique_schema_migrations` ON `schema_migrations` (`version`)[0m
  [1m[35mSQL (0.4ms)[0m  SHOW TABLES
  [1m[36mSQL (0.2ms)[0m  [1mSELECT version FROM `schema_migrations`[0m
  [1m[35mSQL (0.4ms)[0m  INSERT INTO `schema_migrations` (version) VALUES ('20110709094931')
  [1m[36mSQL (0.3ms)[0m  [1mINSERT INTO `schema_migrations` (version) VALUES ('20110625150608')[0m
  [1m[35mSQL (0.3ms)[0m  INSERT INTO `schema_migrations` (version) VALUES ('20110703072030')
  [1m[36mSQL (0.3ms)[0m  [1mINSERT INTO `schema_migrations` (version) VALUES ('20110703073025')[0m
  [1m[35mSQL (0.4ms)[0m  INSERT INTO `schema_migrations` (version) VALUES ('20110703091557')
  [1m[36mSQL (0.3ms)[0m  [1mINSERT INTO `schema_migrations` (version) VALUES ('20110703093915')[0m
  [1m[35mSQL (0.4ms)[0m  INSERT INTO `schema_migrations` (version) VALUES ('20110709003910')
  [1m[36mSQL (0.3ms)[0m  [1mINSERT INTO `schema_migrations` (version) VALUES ('20110709010824')[0m
DEPRECATION WARNING: config.action_view.debug_rjs will be removed in 3.1, from 3.1 onwards you will need to install prototype-rails to continue to use RJS templates . (called from <top (required)> at /Users/vincent/Documents/rubywork/depot/config/environment.rb:5)
  [1m[36mSQL (0.3ms)[0m  [1mSHOW TABLES[0m
  [1m[35mSQL (0.2ms)[0m  SHOW TABLES
  [1m[36mSQL (0.2ms)[0m  [1mSELECT `schema_migrations`.`version` FROM `schema_migrations`[0m
  [1m[35mSQL (40.3ms)[0m  DROP DATABASE IF EXISTS `depot_test`
  [1m[36mSQL (0.4ms)[0m  [1mCREATE DATABASE `depot_test` DEFAULT CHARACTER SET `utf8`[0m
  [1m[35mSQL (0.2ms)[0m  SHOW TABLES
  [1m[36mSQL (50.0ms)[0m  [1mCREATE TABLE `carts` (`id` int(11) DEFAULT NULL auto_increment PRIMARY KEY, `created_at` datetime, `updated_at` datetime) ENGINE=InnoDB[0m
  [1m[35mSQL (0.4ms)[0m  SHOW TABLES
  [1m[36mSQL (111.1ms)[0m  [1mCREATE TABLE `line_items` (`id` int(11) DEFAULT NULL auto_increment PRIMARY KEY, `product_id` int(11), `cart_id` int(11), `created_at` datetime, `updated_at` datetime, `quantity` int(11) DEFAULT 1, `order_id` int(11)) ENGINE=InnoDB[0m
  [1m[35mSQL (0.4ms)[0m  SHOW TABLES
  [1m[36mSQL (88.3ms)[0m  [1mCREATE TABLE `orders` (`id` int(11) DEFAULT NULL auto_increment PRIMARY KEY, `name` varchar(255), `address` text, `email` varchar(255), `pay_type` varchar(255), `created_at` datetime, `updated_at` datetime) ENGINE=InnoDB[0m
  [1m[35mSQL (0.5ms)[0m  SHOW TABLES
  [1m[36mSQL (89.1ms)[0m  [1mCREATE TABLE `products` (`id` int(11) DEFAULT NULL auto_increment PRIMARY KEY, `title` varchar(255), `description` text, `image_url` varchar(255), `price` decimal(8,2), `created_at` datetime, `updated_at` datetime) ENGINE=InnoDB[0m
  [1m[35mSQL (0.5ms)[0m  SHOW TABLES
  [1m[36mSQL (87.9ms)[0m  [1mCREATE TABLE `users` (`id` int(11) DEFAULT NULL auto_increment PRIMARY KEY, `name` varchar(255), `hashed_password` varchar(255), `salt` varchar(255), `created_at` datetime, `updated_at` datetime) ENGINE=InnoDB[0m
  [1m[35mSQL (0.6ms)[0m  SHOW TABLES
  [1m[36mSQL (87.8ms)[0m  [1mCREATE TABLE `schema_migrations` (`version` varchar(255) NOT NULL) ENGINE=InnoDB[0m
  [1m[35mSQL (0.4ms)[0m  SHOW KEYS FROM `schema_migrations`
  [1m[36mSQL (83.8ms)[0m  [1mCREATE UNIQUE INDEX `unique_schema_migrations` ON `schema_migrations` (`version`)[0m
  [1m[35mSQL (0.3ms)[0m  SHOW TABLES
  [1m[36mSQL (0.2ms)[0m  [1mSELECT version FROM `schema_migrations`[0m
  [1m[35mSQL (0.4ms)[0m  INSERT INTO `schema_migrations` (version) VALUES ('20110709094931')
  [1m[36mSQL (0.3ms)[0m  [1mINSERT INTO `schema_migrations` (version) VALUES ('20110625150608')[0m
  [1m[35mSQL (0.3ms)[0m  INSERT INTO `schema_migrations` (version) VALUES ('20110703072030')
  [1m[36mSQL (0.4ms)[0m  [1mINSERT INTO `schema_migrations` (version) VALUES ('20110703073025')[0m
  [1m[35mSQL (0.4ms)[0m  INSERT INTO `schema_migrations` (version) VALUES ('20110703091557')
  [1m[36mSQL (0.3ms)[0m  [1mINSERT INTO `schema_migrations` (version) VALUES ('20110703093915')[0m
  [1m[35mSQL (0.3ms)[0m  INSERT INTO `schema_migrations` (version) VALUES ('20110709003910')
  [1m[36mSQL (0.3ms)[0m  [1mINSERT INTO `schema_migrations` (version) VALUES ('20110709010824')[0m
DEPRECATION WARNING: config.action_view.debug_rjs will be removed in 3.1, from 3.1 onwards you will need to install prototype-rails to continue to use RJS templates . (called from <top (required)> at /Users/vincent/Documents/rubywork/depot/config/environment.rb:5)


Started GET "/store" for 127.0.0.1 at 2011-07-23 13:08:06 +0800
  Processing by StoreController#index as HTML
  Parameters: {"locale"=>"store"}
store translation not available
  [1m[36mProduct Load (0.4ms)[0m  [1mSELECT `products`.* FROM `products` ORDER BY title[0m
  [1m[35mSQL (0.4ms)[0m  SHOW TABLES
  [1m[36mCart Load (0.2ms)[0m  [1mSELECT `carts`.* FROM `carts` WHERE `carts`.`id` = 2 LIMIT 1[0m
  [1m[35mSQL (0.0ms)[0m  BEGIN
  [1m[36mSQL (1.2ms)[0m  [1mdescribe `carts`[0m
  [1m[35mAREL (0.2ms)[0m  INSERT INTO `carts` (`created_at`, `updated_at`) VALUES ('2011-07-23 05:08:06', '2011-07-23 05:08:06')
  [1m[36mSQL (0.4ms)[0m  [1mCOMMIT[0m
  [1m[35mSQL (0.2ms)[0m  SELECT COUNT(*) FROM `line_items` WHERE (`line_items`.cart_id = 3)
Rendered carts/_cart.html.erb (0.5ms)
Rendered store/index.html.erb within layouts/application (40.3ms)
Completed 200 OK in 152ms (Views: 43.2ms | ActiveRecord: 3.0ms)


Started GET "/images/debug.png" for 127.0.0.1 at 2011-07-23 13:08:07 +0800

ActionController::RoutingError (No route matches "/images/debug.png"):
  

Rendered /Users/vincent/.rvm/gems/ruby-1.9.2-p180/gems/actionpack-3.0.8/lib/action_dispatch/middleware/templates/rescues/routing_error.erb within rescues/layout (1.4ms)


Started GET "/images/debug.png" for 127.0.0.1 at 2011-07-23 13:08:07 +0800

ActionController::RoutingError (No route matches "/images/debug.png"):
  

Rendered /Users/vincent/.rvm/gems/ruby-1.9.2-p180/gems/actionpack-3.0.8/lib/action_dispatch/middleware/templates/rescues/routing_error.erb within rescues/layout (1.3ms)


Started GET "/cn/users" for 127.0.0.1 at 2011-07-23 13:08:09 +0800
  Processing by UsersController#index as HTML
  Parameters: {"locale"=>"cn"}
  [1m[36mUser Load (0.2ms)[0m  [1mSELECT `users`.* FROM `users` WHERE `users`.`id` = 1 LIMIT 1[0m
  [1m[35mUser Load (0.3ms)[0m  SELECT `users`.* FROM `users` ORDER BY name
Rendered users/index.html.erb within layouts/application (10.4ms)
Completed 200 OK in 48ms (Views: 13.4ms | ActiveRecord: 0.5ms)


Started GET "/cn/products" for 127.0.0.1 at 2011-07-23 13:08:11 +0800
  Processing by ProductsController#index as HTML
  Parameters: {"locale"=>"cn"}
  [1m[36mUser Load (0.2ms)[0m  [1mSELECT `users`.* FROM `users` WHERE `users`.`id` = 1 LIMIT 1[0m
  [1m[35mProduct Load (0.3ms)[0m  SELECT `products`.* FROM `products` ORDER BY title
Rendered products/index.html.erb within layouts/application (11.9ms)
Completed 200 OK in 37ms (Views: 15.1ms | ActiveRecord: 0.5ms)


Started GET "/images/debug.png" for 127.0.0.1 at 2011-07-23 13:08:11 +0800

ActionController::RoutingError (No route matches "/images/debug.png"):
  

Rendered /Users/vincent/.rvm/gems/ruby-1.9.2-p180/gems/actionpack-3.0.8/lib/action_dispatch/middleware/templates/rescues/routing_error.erb within rescues/layout (1.3ms)


Started GET "/images/debug.png" for 127.0.0.1 at 2011-07-23 13:08:11 +0800

ActionController::RoutingError (No route matches "/images/debug.png"):
  

Rendered /Users/vincent/.rvm/gems/ruby-1.9.2-p180/gems/actionpack-3.0.8/lib/action_dispatch/middleware/templates/rescues/routing_error.erb within rescues/layout (1.2ms)


Started GET "/cn/orders" for 127.0.0.1 at 2011-07-23 13:08:12 +0800
  Processing by OrdersController#index as HTML
  Parameters: {"locale"=>"cn"}
  [1m[36mUser Load (0.2ms)[0m  [1mSELECT `users`.* FROM `users` WHERE `users`.`id` = 1 LIMIT 1[0m
  [1m[35mOrder Load (0.3ms)[0m  SELECT `orders`.* FROM `orders` ORDER BY created_at desc LIMIT 10 OFFSET 0
Rendered orders/index.html.erb within layouts/application (11.4ms)
Completed 200 OK in 35ms (Views: 14.7ms | ActiveRecord: 0.5ms)


Started GET "/cn/products" for 127.0.0.1 at 2011-07-23 13:08:21 +0800
  Processing by ProductsController#index as HTML
  Parameters: {"locale"=>"cn"}
  [1m[36mUser Load (0.2ms)[0m  [1mSELECT `users`.* FROM `users` WHERE `users`.`id` = 1 LIMIT 1[0m
  [1m[35mProduct Load (0.3ms)[0m  SELECT `products`.* FROM `products` ORDER BY title
Rendered products/index.html.erb within layouts/application (12.7ms)
Completed 200 OK in 37ms (Views: 15.7ms | ActiveRecord: 0.5ms)


Started GET "/images/debug.png" for 127.0.0.1 at 2011-07-23 13:08:21 +0800

ActionController::RoutingError (No route matches "/images/debug.png"):
  

Rendered /Users/vincent/.rvm/gems/ruby-1.9.2-p180/gems/actionpack-3.0.8/lib/action_dispatch/middleware/templates/rescues/routing_error.erb within rescues/layout (1.3ms)


Started GET "/images/debug.png" for 127.0.0.1 at 2011-07-23 13:08:21 +0800

ActionController::RoutingError (No route matches "/images/debug.png"):
  

Rendered /Users/vincent/.rvm/gems/ruby-1.9.2-p180/gems/actionpack-3.0.8/lib/action_dispatch/middleware/templates/rescues/routing_error.erb within rescues/layout (1.1ms)
DEPRECATION WARNING: config.action_view.debug_rjs will be removed in 3.1, from 3.1 onwards you will need to install prototype-rails to continue to use RJS templates . (called from <top (required)> at /Users/vincent/Documents/rubywork/depot/config/environment.rb:5)
  [1m[36mSQL (0.4ms)[0m  [1mSHOW TABLES[0m
  [1m[35mSQL (0.2ms)[0m  SHOW TABLES
  [1m[36mSQL (0.2ms)[0m  [1mSELECT `schema_migrations`.`version` FROM `schema_migrations`[0m
  [1m[35mSQL (39.7ms)[0m  DROP DATABASE IF EXISTS `depot_test`
  [1m[36mSQL (0.3ms)[0m  [1mCREATE DATABASE `depot_test` DEFAULT CHARACTER SET `utf8`[0m
  [1m[35mSQL (0.3ms)[0m  SHOW TABLES
  [1m[36mSQL (38.0ms)[0m  [1mCREATE TABLE `carts` (`id` int(11) DEFAULT NULL auto_increment PRIMARY KEY, `created_at` datetime, `updated_at` datetime) ENGINE=InnoDB[0m
  [1m[35mSQL (0.5ms)[0m  SHOW TABLES
  [1m[36mSQL (131.1ms)[0m  [1mCREATE TABLE `line_items` (`id` int(11) DEFAULT NULL auto_increment PRIMARY KEY, `product_id` int(11), `cart_id` int(11), `created_at` datetime, `updated_at` datetime, `quantity` int(11) DEFAULT 1, `order_id` int(11)) ENGINE=InnoDB[0m
  [1m[35mSQL (0.4ms)[0m  SHOW TABLES
  [1m[36mSQL (77.0ms)[0m  [1mCREATE TABLE `orders` (`id` int(11) DEFAULT NULL auto_increment PRIMARY KEY, `name` varchar(255), `address` text, `email` varchar(255), `pay_type` varchar(255), `created_at` datetime, `updated_at` datetime) ENGINE=InnoDB[0m
  [1m[35mSQL (0.4ms)[0m  SHOW TABLES
  [1m[36mSQL (77.6ms)[0m  [1mCREATE TABLE `products` (`id` int(11) DEFAULT NULL auto_increment PRIMARY KEY, `title` varchar(255), `description` text, `image_url` varchar(255), `price` decimal(8,2), `created_at` datetime, `updated_at` datetime) ENGINE=InnoDB[0m
  [1m[35mSQL (0.5ms)[0m  SHOW TABLES
  [1m[36mSQL (87.0ms)[0m  [1mCREATE TABLE `users` (`id` int(11) DEFAULT NULL auto_increment PRIMARY KEY, `name` varchar(255), `hashed_password` varchar(255), `salt` varchar(255), `created_at` datetime, `updated_at` datetime) ENGINE=InnoDB[0m
  [1m[35mSQL (0.4ms)[0m  SHOW TABLES
  [1m[36mSQL (77.8ms)[0m  [1mCREATE TABLE `schema_migrations` (`version` varchar(255) NOT NULL) ENGINE=InnoDB[0m
  [1m[35mSQL (0.5ms)[0m  SHOW KEYS FROM `schema_migrations`
  [1m[36mSQL (83.2ms)[0m  [1mCREATE UNIQUE INDEX `unique_schema_migrations` ON `schema_migrations` (`version`)[0m
  [1m[35mSQL (0.4ms)[0m  SHOW TABLES
  [1m[36mSQL (0.2ms)[0m  [1mSELECT version FROM `schema_migrations`[0m
  [1m[35mSQL (0.4ms)[0m  INSERT INTO `schema_migrations` (version) VALUES ('20110709094931')
  [1m[36mSQL (0.4ms)[0m  [1mINSERT INTO `schema_migrations` (version) VALUES ('20110625150608')[0m
  [1m[35mSQL (0.3ms)[0m  INSERT INTO `schema_migrations` (version) VALUES ('20110703072030')
  [1m[36mSQL (0.5ms)[0m  [1mINSERT INTO `schema_migrations` (version) VALUES ('20110703073025')[0m
  [1m[35mSQL (0.4ms)[0m  INSERT INTO `schema_migrations` (version) VALUES ('20110703091557')
  [1m[36mSQL (0.3ms)[0m  [1mINSERT INTO `schema_migrations` (version) VALUES ('20110703093915')[0m
  [1m[35mSQL (0.3ms)[0m  INSERT INTO `schema_migrations` (version) VALUES ('20110709003910')
  [1m[36mSQL (0.3ms)[0m  [1mINSERT INTO `schema_migrations` (version) VALUES ('20110709010824')[0m
DEPRECATION WARNING: config.action_view.debug_rjs will be removed in 3.1, from 3.1 onwards you will need to install prototype-rails to continue to use RJS templates . (called from <top (required)> at /Users/vincent/Documents/rubywork/depot/config/environment.rb:5)
  [1m[36mSQL (0.4ms)[0m  [1mSHOW TABLES[0m
  [1m[35mSQL (0.2ms)[0m  SHOW TABLES
  [1m[36mSQL (0.2ms)[0m  [1mSELECT `schema_migrations`.`version` FROM `schema_migrations`[0m
  [1m[35mSQL (49.4ms)[0m  DROP DATABASE IF EXISTS `depot_test`
  [1m[36mSQL (0.3ms)[0m  [1mCREATE DATABASE `depot_test` DEFAULT CHARACTER SET `utf8`[0m
  [1m[35mSQL (0.2ms)[0m  SHOW TABLES
  [1m[36mSQL (76.1ms)[0m  [1mCREATE TABLE `carts` (`id` int(11) DEFAULT NULL auto_increment PRIMARY KEY, `created_at` datetime, `updated_at` datetime) ENGINE=InnoDB[0m
  [1m[35mSQL (0.4ms)[0m  SHOW TABLES
  [1m[36mSQL (156.3ms)[0m  [1mCREATE TABLE `line_items` (`id` int(11) DEFAULT NULL auto_increment PRIMARY KEY, `product_id` int(11), `cart_id` int(11), `created_at` datetime, `updated_at` datetime, `quantity` int(11) DEFAULT 1, `order_id` int(11)) ENGINE=InnoDB[0m
  [1m[35mSQL (0.4ms)[0m  SHOW TABLES
  [1m[36mSQL (98.8ms)[0m  [1mCREATE TABLE `orders` (`id` int(11) DEFAULT NULL auto_increment PRIMARY KEY, `name` varchar(255), `address` text, `email` varchar(255), `pay_type` varchar(255), `created_at` datetime, `updated_at` datetime) ENGINE=InnoDB[0m
  [1m[35mSQL (0.5ms)[0m  SHOW TABLES
  [1m[36mSQL (87.1ms)[0m  [1mCREATE TABLE `products` (`id` int(11) DEFAULT NULL auto_increment PRIMARY KEY, `title` varchar(255), `description` text, `image_url` varchar(255), `price` decimal(8,2), `created_at` datetime, `updated_at` datetime) ENGINE=InnoDB[0m
  [1m[35mSQL (0.4ms)[0m  SHOW TABLES
  [1m[36mSQL (76.7ms)[0m  [1mCREATE TABLE `users` (`id` int(11) DEFAULT NULL auto_increment PRIMARY KEY, `name` varchar(255), `hashed_password` varchar(255), `salt` varchar(255), `created_at` datetime, `updated_at` datetime) ENGINE=InnoDB[0m
  [1m[35mSQL (0.4ms)[0m  SHOW TABLES
  [1m[36mSQL (77.1ms)[0m  [1mCREATE TABLE `schema_migrations` (`version` varchar(255) NOT NULL) ENGINE=InnoDB[0m
  [1m[35mSQL (0.4ms)[0m  SHOW KEYS FROM `schema_migrations`
  [1m[36mSQL (86.2ms)[0m  [1mCREATE UNIQUE INDEX `unique_schema_migrations` ON `schema_migrations` (`version`)[0m
  [1m[35mSQL (0.5ms)[0m  SHOW TABLES
  [1m[36mSQL (0.2ms)[0m  [1mSELECT version FROM `schema_migrations`[0m
  [1m[35mSQL (0.4ms)[0m  INSERT INTO `schema_migrations` (version) VALUES ('20110709094931')
  [1m[36mSQL (0.3ms)[0m  [1mINSERT INTO `schema_migrations` (version) VALUES ('20110625150608')[0m
  [1m[35mSQL (0.4ms)[0m  INSERT INTO `schema_migrations` (version) VALUES ('20110703072030')
  [1m[36mSQL (0.3ms)[0m  [1mINSERT INTO `schema_migrations` (version) VALUES ('20110703073025')[0m
  [1m[35mSQL (0.3ms)[0m  INSERT INTO `schema_migrations` (version) VALUES ('20110703091557')
  [1m[36mSQL (0.2ms)[0m  [1mINSERT INTO `schema_migrations` (version) VALUES ('20110703093915')[0m
  [1m[35mSQL (0.3ms)[0m  INSERT INTO `schema_migrations` (version) VALUES ('20110709003910')
  [1m[36mSQL (0.2ms)[0m  [1mINSERT INTO `schema_migrations` (version) VALUES ('20110709010824')[0m
DEPRECATION WARNING: config.action_view.debug_rjs will be removed in 3.1, from 3.1 onwards you will need to install prototype-rails to continue to use RJS templates . (called from <top (required)> at /Users/vincent/Documents/rubywork/depot/config/environment.rb:5)
  [1m[36mSQL (0.4ms)[0m  [1mSHOW TABLES[0m
  [1m[35mSQL (0.2ms)[0m  SHOW TABLES
  [1m[36mSQL (0.2ms)[0m  [1mSELECT `schema_migrations`.`version` FROM `schema_migrations`[0m
  [1m[35mSQL (3.8ms)[0m  DROP DATABASE IF EXISTS `depot_test`
  [1m[36mSQL (0.2ms)[0m  [1mCREATE DATABASE `depot_test` DEFAULT CHARACTER SET `utf8`[0m
  [1m[35mSQL (0.2ms)[0m  SHOW TABLES
  [1m[36mSQL (66.0ms)[0m  [1mCREATE TABLE `carts` (`id` int(11) DEFAULT NULL auto_increment PRIMARY KEY, `created_at` datetime, `updated_at` datetime) ENGINE=InnoDB[0m
  [1m[35mSQL (0.4ms)[0m  SHOW TABLES
  [1m[36mSQL (131.1ms)[0m  [1mCREATE TABLE `line_items` (`id` int(11) DEFAULT NULL auto_increment PRIMARY KEY, `product_id` int(11), `cart_id` int(11), `created_at` datetime, `updated_at` datetime, `quantity` int(11) DEFAULT 1, `order_id` int(11)) ENGINE=InnoDB[0m
  [1m[35mSQL (0.4ms)[0m  SHOW TABLES
  [1m[36mSQL (99.4ms)[0m  [1mCREATE TABLE `orders` (`id` int(11) DEFAULT NULL auto_increment PRIMARY KEY, `name` varchar(255), `address` text, `email` varchar(255), `pay_type` varchar(255), `created_at` datetime, `updated_at` datetime) ENGINE=InnoDB[0m
  [1m[35mSQL (0.4ms)[0m  SHOW TABLES
  [1m[36mSQL (99.0ms)[0m  [1mCREATE TABLE `products` (`id` int(11) DEFAULT NULL auto_increment PRIMARY KEY, `title` varchar(255), `description` text, `image_url` varchar(255), `price` decimal(8,2), `created_at` datetime, `updated_at` datetime) ENGINE=InnoDB[0m
  [1m[35mSQL (0.6ms)[0m  SHOW TABLES
  [1m[36mSQL (109.1ms)[0m  [1mCREATE TABLE `users` (`id` int(11) DEFAULT NULL auto_increment PRIMARY KEY, `name` varchar(255), `hashed_password` varchar(255), `salt` varchar(255), `created_at` datetime, `updated_at` datetime) ENGINE=InnoDB[0m
  [1m[35mSQL (0.4ms)[0m  SHOW TABLES
  [1m[36mSQL (99.9ms)[0m  [1mCREATE TABLE `schema_migrations` (`version` varchar(255) NOT NULL) ENGINE=InnoDB[0m
  [1m[35mSQL (0.6ms)[0m  SHOW KEYS FROM `schema_migrations`
  [1m[36mSQL (106.1ms)[0m  [1mCREATE UNIQUE INDEX `unique_schema_migrations` ON `schema_migrations` (`version`)[0m
  [1m[35mSQL (0.4ms)[0m  SHOW TABLES
  [1m[36mSQL (0.2ms)[0m  [1mSELECT version FROM `schema_migrations`[0m
  [1m[35mSQL (0.5ms)[0m  INSERT INTO `schema_migrations` (version) VALUES ('20110709094931')
  [1m[36mSQL (0.3ms)[0m  [1mINSERT INTO `schema_migrations` (version) VALUES ('20110625150608')[0m
  [1m[35mSQL (0.4ms)[0m  INSERT INTO `schema_migrations` (version) VALUES ('20110703072030')
  [1m[36mSQL (0.4ms)[0m  [1mINSERT INTO `schema_migrations` (version) VALUES ('20110703073025')[0m
  [1m[35mSQL (0.3ms)[0m  INSERT INTO `schema_migrations` (version) VALUES ('20110703091557')
  [1m[36mSQL (0.4ms)[0m  [1mINSERT INTO `schema_migrations` (version) VALUES ('20110703093915')[0m
  [1m[35mSQL (0.3ms)[0m  INSERT INTO `schema_migrations` (version) VALUES ('20110709003910')
  [1m[36mSQL (0.4ms)[0m  [1mINSERT INTO `schema_migrations` (version) VALUES ('20110709010824')[0m
